[I 2025-04-15 03:35:10,456] Trial 38 finished with value: 83.9 and parameters: {'w_queue_reward': 0.4965, 'w_waiting_time_reward': 0.0096, 'w_queue_penalty': -0.198, 'w_speed_reward': 0.198}. Best is trial 5 with value: -80.2.

[I 2025-04-15 04:09:35,789] Trial 39 finished with value: 81.2 and parameters: {'w_queue_reward': 0.5015, 'w_waiting_time_reward': 0.01015, 'w_queue_penalty': -0.2007, 'w_speed_reward': 0.2007}. Best is trial 5 with value: -80.2.

[I 2025-04-15 04:39:00,012] Trial 40 finished with value: 84.6 and parameters: {'w_queue_reward': 0.4955, 'w_waiting_time_reward': 0.0095, 'w_queue_penalty': -0.1975, 'w_speed_reward': 0.1975}. Best is trial 5 with value: -80.2.

[I 2025-04-15 05:13:25,234] Trial 41 finished with value: 80.7 and parameters: {'w_queue_reward': 0.5002, 'w_waiting_time_reward': 0.01002, 'w_queue_penalty': -0.2001, 'w_speed_reward': 0.2001}. Best is trial 5 with value: -80.2.

[I 2025-04-15 05:42:50,567] Trial 42 finished with value: 82.1 and parameters: {'w_queue_reward': 0.4998, 'w_waiting_time_reward': 0.00998, 'w_queue_penalty': -0.1999, 'w_speed_reward': 0.1999}. Best is trial 5 with value: -80.2.

[I 2025-04-15 06:17:15,890] Trial 43 finished with value: 81.5 and parameters: {'w_queue_reward': 0.5007, 'w_waiting_time_reward': 0.01007, 'w_queue_penalty': -0.2003, 'w_speed_reward': 0.2003}. Best is trial 5 with value: -80.2.

[I 2025-04-15 06:46:40,123] Trial 44 finished with value: 83.3 and parameters: {'w_queue_reward': 0.4993, 'w_waiting_time_reward': 0.00993, 'w_queue_penalty': -0.1997, 'w_speed_reward': 0.1997}. Best is trial 5 with value: -80.2.

[I 2025-04-15 07:21:05,456] Trial 45 finished with value: 80.8 and parameters: {'w_queue_reward': 0.5012, 'w_waiting_time_reward': 0.01012, 'w_queue_penalty': -0.2004, 'w_speed_reward': 0.2004}. Best is trial 5 with value: -80.2.

[I 2025-04-15 07:50:30,789] Trial 46 finished with value: 82.9 and parameters: {'w_queue_reward': 0.4988, 'w_waiting_time_reward': 0.00988, 'w_queue_penalty': -0.1993, 'w_speed_reward': 0.1993}. Best is trial 5 with value: -80.2.

[I 2025-04-15 08:24:55,012] Trial 47 finished with value: 81.3 and parameters: {'w_queue_reward': 0.5008, 'w_waiting_time_reward': 0.01008, 'w_queue_penalty': -0.2006, 'w_speed_reward': 0.2006}. Best is trial 5 with value: -80.2.

[I 2025-04-15 08:54:20,234] Trial 48 finished with value: 82.6 and parameters: {'w_queue_reward': 0.4992, 'w_waiting_time_reward': 0.00992, 'w_queue_penalty': -0.1992, 'w_speed_reward': 0.1992}. Best is trial 5 with value: -80.2.

[I 2025-04-15 09:28:45,567] Trial 49 finished with value: 81.9 and parameters: {'w_queue_reward': 0.5013, 'w_waiting_time_reward': 0.01013, 'w_queue_penalty': -0.2008, 'w_speed_reward': 0.2008}. Best is trial 5 with value: -80.2.

[I 2025-04-15 09:58:10,890] Trial 50 finished with value: 83.4 and parameters: {'w_queue_reward': 0.4987, 'w_waiting_time_reward': 0.00987, 'w_queue_penalty': -0.1991, 'w_speed_reward': 0.1991}. Best is trial 5 with value: -80.2.